<?xml version="1.0" encoding="UTF-8"?>
<testng-results skipped="0" failed="2" ignored="0" total="2" passed="0">
  <reporter-output>
  </reporter-output>
  <suite name="Default suite" duration-ms="502" started-at="2021-12-18T16:12:08 EST" finished-at="2021-12-18T16:12:09 EST">
    <groups>
      <group name="cucumber">
        <method signature="AbstractTestNGCucumberTests.runScenario(io.cucumber.testng.PickleWrapper,io.cucumber.testng.FeatureWrapper)[pri:0, instance:runners.SmokeTestRunner@69b0fd6f]" name="runScenario" class="io.cucumber.testng.AbstractTestNGCucumberTests"/>
      </group> <!-- cucumber -->
    </groups>
    <test name="Default test" duration-ms="502" started-at="2021-12-18T16:12:08 EST" finished-at="2021-12-18T16:12:09 EST">
      <class name="runners.SmokeTestRunner">
        <test-method status="PASS" signature="setUpClass(org.testng.ITestContext)[pri:0, instance:runners.SmokeTestRunner@69b0fd6f]" name="setUpClass" is-config="true" duration-ms="327" started-at="2021-12-18T16:12:08 EST" finished-at="2021-12-18T16:12:09 EST">
          <params>
            <param index="0">
              <value>
                <![CDATA[org.testng.TestRunner@72e5a8e]]>
              </value>
            </param>
          </params>
          <reporter-output>
          </reporter-output>
        </test-method> <!-- setUpClass -->
        <test-method status="FAIL" signature="runScenario(io.cucumber.testng.PickleWrapper,io.cucumber.testng.FeatureWrapper)[pri:0, instance:runners.SmokeTestRunner@69b0fd6f]" name="runScenario" duration-ms="110" started-at="2021-12-18T16:12:09 EST" description="Runs Cucumber Scenarios" data-provider="scenarios" finished-at="2021-12-18T16:12:09 EST">
          <params>
            <param index="0">
              <value>
                <![CDATA["simple search"]]>
              </value>
            </param>
            <param index="1">
              <value>
                <![CDATA["Optional[google search]"]]>
              </value>
            </param>
          </params>
          <exception class="io.cucumber.java.PendingException">
            <message>
              <![CDATA[TODO: implement me]]>
            </message>
            <full-stacktrace>
              <![CDATA[io.cucumber.java.PendingException: TODO: implement me
at steps.Ocean9GoogleSearch.i_am_on_google_home_page(Ocean9GoogleSearch.java:10)
at ✽.I am on google homePage(file:///Users/rashedulalam98/eclipse-workspace/Ocean9/features/Ocean9GoogleSearch.feature:5)
]]>
            </full-stacktrace>
          </exception> <!-- io.cucumber.java.PendingException -->
          <reporter-output>
          </reporter-output>
        </test-method> <!-- runScenario -->
        <test-method status="FAIL" signature="runScenario(io.cucumber.testng.PickleWrapper,io.cucumber.testng.FeatureWrapper)[pri:0, instance:runners.SmokeTestRunner@69b0fd6f]" name="runScenario" duration-ms="10" started-at="2021-12-18T16:12:09 EST" description="Runs Cucumber Scenarios" data-provider="scenarios" finished-at="2021-12-18T16:12:09 EST">
          <params>
            <param index="0">
              <value>
                <![CDATA["simple search"]]>
              </value>
            </param>
            <param index="1">
              <value>
                <![CDATA["Optional[google search]"]]>
              </value>
            </param>
          </params>
          <exception class="io.cucumber.java.PendingException">
            <message>
              <![CDATA[TODO: implement me]]>
            </message>
            <full-stacktrace>
              <![CDATA[io.cucumber.java.PendingException: TODO: implement me
at steps.Ocean9GoogleSearch.i_am_on_google_home_page(Ocean9GoogleSearch.java:10)
at ✽.I am on google homePage(file:///Users/rashedulalam98/eclipse-workspace/Ocean9/features/Ocean9GoogleSearch.feature:5)
]]>
            </full-stacktrace>
          </exception> <!-- io.cucumber.java.PendingException -->
          <reporter-output>
          </reporter-output>
        </test-method> <!-- runScenario -->
        <test-method status="PASS" signature="tearDownClass()[pri:0, instance:runners.SmokeTestRunner@69b0fd6f]" name="tearDownClass" is-config="true" duration-ms="9" started-at="2021-12-18T16:12:09 EST" finished-at="2021-12-18T16:12:09 EST">
          <reporter-output>
          </reporter-output>
        </test-method> <!-- tearDownClass -->
      </class> <!-- runners.SmokeTestRunner -->
    </test> <!-- Default test -->
  </suite> <!-- Default suite -->
</testng-results>
